<?xml version="1.0" encoding="UTF-8"?>
<!-- Generated by org.testng.reporters.JUnitReportReporter -->
<testsuite hostname="LAPTOP-FG7OJR68" name="day2.NewTest" tests="2" failures="0" timestamp="24 Feb 2021 06:06:15 GMT" time="51.777" errors="0">
  <testcase name="Camera" time="23.911" classname="day2.NewTest"/>
  <testcase name="login" time="27.866" classname="day2.NewTest"/>
</testsuite> <!-- day2.NewTest -->
